#
# There is insufficient memory for the Java Runtime Environment to continue.
# Native memory allocation (malloc) failed to allocate 1158096 bytes for Chunk::new
# Possible reasons:
#   The system is out of physical RAM or swap space
#   The process is running with CompressedOops enabled, and the Java Heap may be blocking the growth of the native heap
# Possible solutions:
#   Reduce memory load on the system
#   Increase physical memory or swap space
#   Check if swap backing store is full
#   Decrease Java heap size (-Xmx/-Xms)
#   Decrease number of Java threads
#   Decrease Java thread stack sizes (-Xss)
#   Set larger code cache with -XX:ReservedCodeCacheSize=
#   JVM is running with Zero Based Compressed Oops mode in which the Java heap is
#     placed in the first 32GB address space. The Java Heap base address is the
#     maximum limit for the native heap growth. Please use -XX:HeapBaseMinAddress
#     to set the Java Heap base and to place the Java Heap above 32GB virtual address.
# This output file may be truncated or incomplete.
#
#  Out of Memory Error (allocation.cpp:389), pid=5156, tid=0x0000000000002394
#
# JRE version: Java(TM) SE Runtime Environment (8.0_241-b07) (build 1.8.0_241-b07)
# Java VM: Java HotSpot(TM) 64-Bit Server VM (25.241-b07 mixed mode windows-amd64 compressed oops)
# Failed to write core dump. 
#

---------------  T H R E A D  ---------------

Current thread (0x000000001c9c4000):  JavaThread "C2 CompilerThread0" daemon [_thread_in_native, id=9108, stack(0x000000001e610000,0x000000001e710000)]

Stack: [0x000000001e610000,0x000000001e710000]
[error occurred during error reporting (printing stack bounds), id 0xc0000005]

Native frames: (J=compiled Java code, j=interpreted, Vv=VM code, C=native code)


Current CompileTask:
C2:  53498 11454       4       org.gradle.internal.instantiation.generator.AbstractClassGenerator::inspectType (559 bytes)


---------------  P R O C E S S  ---------------

Java Threads: ( => current thread )
  0x0000000020b54000 JavaThread "Cache worker for Build Output Cleanup Cache (C:\flutter\.pub-cache\hosted\pub.dartlang.org\firebase_storage-3.1.5\android\.gradle\buildOutputCleanup)" [_thread_blocked, id=8808, stack(0x000000002ff60000,0x0000000030060000)]
  0x00000000210af000 JavaThread "Build operations Thread 6" [_thread_blocked, id=4364, stack(0x000000002fe60000,0x000000002ff60000)]
  0x00000000210ad800 JavaThread "Build operations Thread 5" [_thread_blocked, id=4408, stack(0x000000002fd60000,0x000000002fe60000)]
  0x00000000210ac000 JavaThread "Build operations Thread 4" [_thread_blocked, id=5576, stack(0x000000002fc60000,0x000000002fd60000)]
  0x00000000210ad000 JavaThread "Build operations Thread 3" [_thread_blocked, id=8852, stack(0x000000002fb60000,0x000000002fc60000)]
  0x00000000210a4800 JavaThread "Build operations Thread 2" [_thread_blocked, id=8724, stack(0x000000002fa60000,0x000000002fb60000)]
  0x00000000210a3800 JavaThread "Build operations" [_thread_blocked, id=8124, stack(0x000000002f960000,0x000000002fa60000)]
  0x00000000210aa800 JavaThread "Cache worker for cache directory md-rule (C:\Users\pdrpearning\.gradle\caches\6.3\md-rule)" [_thread_blocked, id=1728, stack(0x000000002f860000,0x000000002f960000)]
  0x00000000210a6800 JavaThread "Cache worker for cache directory md-supplier (C:\Users\pdrpearning\.gradle\caches\6.3\md-supplier)" [_thread_blocked, id=4776, stack(0x000000002f760000,0x000000002f860000)]
  0x00000000210aa000 JavaThread "Cache worker for file hash cache (C:\flutter\.pub-cache\hosted\pub.dartlang.org\firebase_storage-3.1.5\android\.gradle\6.3\fileHashes)" [_thread_blocked, id=7484, stack(0x000000002f660000,0x000000002f760000)]
  0x00000000210a3000 JavaThread "Cache worker for checksums cache (C:\flutter\.pub-cache\hosted\pub.dartlang.org\firebase_storage-3.1.5\android\.gradle\checksums)" [_thread_blocked, id=5164, stack(0x000000002f560000,0x000000002f660000)]
  0x00000000210a2000 JavaThread "Thread-75" [_thread_blocked, id=8972, stack(0x000000002f460000,0x000000002f560000)]
  0x00000000210a0800 JavaThread "Stdin handler" [_thread_blocked, id=6148, stack(0x000000002f360000,0x000000002f460000)]
  0x00000000210a6000 JavaThread "Asynchronous log dispatcher for DefaultDaemonConnection: socket connection from /127.0.0.1:56056 to /127.0.0.1:56159" [_thread_blocked, id=8760, stack(0x000000002f260000,0x000000002f360000)]
  0x00000000210a7800 JavaThread "Cancel handler" [_thread_blocked, id=7388, stack(0x000000002f160000,0x000000002f260000)]
  0x00000000210a1800 JavaThread "Handler for socket connection from /127.0.0.1:56056 to /127.0.0.1:56159" [_thread_in_native, id=5148, stack(0x000000002f060000,0x000000002f160000)]
  0x00000000210a0000 JavaThread "File lock release action executor" [_thread_blocked, id=8228, stack(0x000000002a5c0000,0x000000002a6c0000)]
  0x00000000210a9000 JavaThread "Memory manager" [_thread_blocked, id=7184, stack(0x0000000029ac0000,0x0000000029bc0000)]
  0x0000000020b57800 JavaThread "Cache worker for execution history cache (C:\Users\pdrpearning\.gradle\caches\6.3\executionHistory)" [_thread_blocked, id=4216, stack(0x00000000273c0000,0x00000000274c0000)]
  0x0000000020b51800 JavaThread "Cache worker for file hash cache (C:\Users\pdrpearning\.gradle\caches\6.3\fileHashes)" [_thread_blocked, id=6136, stack(0x00000000241b0000,0x00000000242b0000)]
  0x0000000020b57000 JavaThread "File lock request listener" [_thread_in_native, id=6232, stack(0x0000000022fc0000,0x00000000230c0000)]
  0x0000000020b53000 JavaThread "Cache worker for journal cache (C:\Users\pdrpearning\.gradle\caches\journal-1)" [_thread_blocked, id=4512, stack(0x0000000022dc0000,0x0000000022ec0000)]
  0x0000000020a85800 JavaThread "Daemon worker" [_thread_blocked, id=3140, stack(0x00000000227c0000,0x00000000228c0000)]
  0x0000000020a59000 JavaThread "Daemon" [_thread_blocked, id=344, stack(0x00000000222c0000,0x00000000223c0000)]
  0x0000000020a45000 JavaThread "Daemon periodic checks" [_thread_blocked, id=5940, stack(0x00000000221c0000,0x00000000222c0000)]
  0x00000000209f0800 JavaThread "Incoming local TCP Connector on port 56056" [_thread_in_native, id=8800, stack(0x0000000021cf0000,0x0000000021df0000)]
  0x0000000020933800 JavaThread "Daemon health stats" [_thread_blocked, id=8832, stack(0x00000000216b0000,0x00000000217b0000)]
  0x000000001e98a800 JavaThread "Service Thread" daemon [_thread_blocked, id=7416, stack(0x000000001ed10000,0x000000001ee10000)]
  0x000000001c9c7800 JavaThread "C1 CompilerThread2" daemon [_thread_blocked, id=8492, stack(0x000000001e810000,0x000000001e910000)]
  0x000000001c9c7000 JavaThread "C2 CompilerThread1" daemon [_thread_blocked, id=1160, stack(0x000000001e710000,0x000000001e810000)]
=>0x000000001c9c4000 JavaThread "C2 CompilerThread0" daemon [_thread_in_native, id=9108, stack(0x000000001e610000,0x000000001e710000)]
  0x000000001c9bf800 JavaThread "Attach Listener" daemon [_thread_blocked, id=8040, stack(0x000000001e510000,0x000000001e610000)]
  0x000000001c9bc800 JavaThread "Signal Dispatcher" daemon [_thread_blocked, id=7236, stack(0x000000001e410000,0x000000001e510000)]
  0x000000001c99d000 JavaThread "Finalizer" daemon [_thread_blocked, id=5960, stack(0x000000001e220000,0x000000001e320000)]
  0x000000001c99c800 JavaThread "Reference Handler" daemon [_thread_blocked, id=4568, stack(0x000000001e120000,0x000000001e220000)]
  0x0000000002fa3800 JavaThread "main" [_thread_blocked, id=1044, stack(0x0000000002e90000,0x0000000002f90000)]

Other Threads:
  0x000000001c978800 VMThread [stack: 0x000000001e020000,0x000000001e120000] [id=7108]
  0x000000001e99e800 WatcherThread [stack: 0x000000001ee10000,0x000000001ef10000] [id=8488]

VM state:at safepoint (normal execution)

VM Mutex/Monitor currently owned by a thread:  ([mutex/lock_event])
[0x0000000002fa0bd0] Threads_lock - owner thread: 0x000000001c978800
[0x0000000002fa0d50] Heap_lock - owner thread: 0x0000000020a85800

heap address: 0x00000006c0000000, size: 4096 MB, Compressed Oops mode: Zero based, Oop shift amount: 3
Narrow klass base: 0x0000000000000000, Narrow klass shift: 3
Compressed class space size: 1073741824 Address: 0x00000007c0000000

Heap:
 PSYoungGen      total 531456K, used 1479K [0x000000076ab00000, 0x0000000795500000, 0x00000007c0000000)
  eden space 499200K, 0% used [0x000000076ab00000,0x000000076ab00000,0x0000000789280000)
  from space 32256K, 4% used [0x0000000789280000,0x00000007893f1dc8,0x000000078b200000)
  to   space 32768K, 0% used [0x0000000793500000,0x0000000793500000,0x0000000795500000)
 ParOldGen       total 154112K, used 68341K [0x00000006c0000000, 0x00000006c9680000, 0x000000076ab00000)
  object space 154112K, 44% used [0x00000006c0000000,0x00000006c42bd5a0,0x00000006c9680000)
 Metaspace       used 108160K, capacity 112684K, committed 112856K, reserved 1153024K
  class space    used 14031K, capacity 15036K, committed 15104K, reserved 1048576K

Card table byte_map: [0x0000000012460000,0x0000000012c70000] byte_map_base: 0x000000000ee60000

Marking Bits: (ParMarkBitMap*) 0x000000005e85be30
 Begin Bits: [0x00000000137d0000, 0x00000000177d0000)
 End Bits:   [0x00000000177d0000, 0x000000001b7d0000)

Polling page: 0x0000000001680000

CodeCache: size=245760Kb used=33029Kb max_used=33041Kb free=212730Kb
 bounds [0x00000000030a0000, 0x0000000005110000, 0x00000000120a0000]
 total_blobs=10606 nmethods=9722 adapters=795
 compilation: enabled

Compilation events (10 events):
Event: 53.342 Thread 0x000000001c9c7800 nmethod 11478 0x0000000004d29b90 code [0x0000000004d29ce0, 0x0000000004d29dd0]
Event: 53.343 Thread 0x000000001c9c7000 nmethod 11473 0x00000000050feb50 code [0x00000000050fecc0, 0x00000000050ff058]
Event: 53.343 Thread 0x000000001c9c7000 11476       4       org.gradle.api.Namer$Comparator::compare (24 bytes)
Event: 53.343 Thread 0x000000001c9c7800 11479       3       org.gradle.internal.metaobject.DynamicInvokeResult::getValue (22 bytes)
Event: 53.343 Thread 0x000000001c9c7800 nmethod 11479 0x00000000050f4950 code [0x00000000050f4ac0, 0x00000000050f4dc8]
Event: 53.344 Thread 0x000000001c9c7800 11480       3       org.gradle.api.internal.artifacts.configurations.DefaultConfiguration_Decorated::setCanBeResolved (12 bytes)
Event: 53.344 Thread 0x000000001c9c7000 nmethod 11476 0x00000000050fe690 code [0x00000000050fe7e0, 0x00000000050fe9d8]
Event: 53.344 Thread 0x000000001c9c7800 nmethod 11480 0x0000000005106050 code [0x00000000051061e0, 0x0000000005106598]
Event: 53.345 Thread 0x000000001c9c7000 11481       4       java.util.Formatter::checkText (58 bytes)
Event: 53.348 Thread 0x000000001c9c7000 nmethod 11481 0x0000000005105c10 code [0x0000000005105d60, 0x0000000005105f38]

GC Heap History (10 events):
Event: 45.951 GC heap before
{Heap before GC invocations=13 (full 3):
 PSYoungGen      total 395776K, used 395764K [0x000000076ab00000, 0x000000078d080000, 0x00000007c0000000)
  eden space 374272K, 100% used [0x000000076ab00000,0x0000000781880000,0x0000000781880000)
  from space 21504K, 99% used [0x0000000781880000,0x0000000782d7d0d8,0x0000000782d80000)
  to   space 26112K, 0% used [0x000000078b700000,0x000000078b700000,0x000000078d080000)
 ParOldGen       total 154112K, used 40825K [0x00000006c0000000, 0x00000006c9680000, 0x000000076ab00000)
  object space 154112K, 26% used [0x00000006c0000000,0x00000006c27de528,0x00000006c9680000)
 Metaspace       used 85828K, capacity 89370K, committed 89560K, reserved 1126400K
  class space    used 11447K, capacity 12216K, committed 12288K, reserved 1048576K
Event: 46.004 GC heap after
Heap after GC invocations=13 (full 3):
 PSYoungGen      total 525312K, used 26098K [0x000000076ab00000, 0x000000078d180000, 0x00000007c0000000)
  eden space 499200K, 0% used [0x000000076ab00000,0x000000076ab00000,0x0000000789280000)
  from space 26112K, 99% used [0x000000078b700000,0x000000078d07ca20,0x000000078d080000)
  to   space 32256K, 0% used [0x0000000789280000,0x0000000789280000,0x000000078b200000)
 ParOldGen       total 154112K, used 48742K [0x00000006c0000000, 0x00000006c9680000, 0x000000076ab00000)
  object space 154112K, 31% used [0x00000006c0000000,0x00000006c2f99bc8,0x00000006c9680000)
 Metaspace       used 85828K, capacity 89370K, committed 89560K, reserved 1126400K
  class space    used 11447K, capacity 12216K, committed 12288K, reserved 1048576K
}
Event: 48.182 GC heap before
{Heap before GC invocations=14 (full 3):
 PSYoungGen      total 525312K, used 160218K [0x000000076ab00000, 0x000000078d180000, 0x00000007c0000000)
  eden space 499200K, 26% used [0x000000076ab00000,0x0000000772df9e60,0x0000000789280000)
  from space 26112K, 99% used [0x000000078b700000,0x000000078d07ca20,0x000000078d080000)
  to   space 32256K, 0% used [0x0000000789280000,0x0000000789280000,0x000000078b200000)
 ParOldGen       total 154112K, used 48742K [0x00000006c0000000, 0x00000006c9680000, 0x000000076ab00000)
  object space 154112K, 31% used [0x00000006c0000000,0x00000006c2f99bc8,0x00000006c9680000)
 Metaspace       used 94664K, capacity 98392K, committed 98496K, reserved 1134592K
  class space    used 12369K, capacity 13183K, committed 13184K, reserved 1048576K
Event: 48.252 GC heap after
Heap after GC invocations=14 (full 3):
 PSYoungGen      total 531456K, used 13744K [0x000000076ab00000, 0x0000000797100000, 0x00000007c0000000)
  eden space 499200K, 0% used [0x000000076ab00000,0x000000076ab00000,0x0000000789280000)
  from space 32256K, 42% used [0x0000000789280000,0x0000000789fec020,0x000000078b200000)
  to   space 31232K, 0% used [0x0000000795280000,0x0000000795280000,0x0000000797100000)
 ParOldGen       total 154112K, used 70658K [0x00000006c0000000, 0x00000006c9680000, 0x000000076ab00000)
  object space 154112K, 45% used [0x00000006c0000000,0x00000006c45008e8,0x00000006c9680000)
 Metaspace       used 94664K, capacity 98392K, committed 98496K, reserved 1134592K
  class space    used 12369K, capacity 13183K, committed 13184K, reserved 1048576K
}
Event: 48.252 GC heap before
{Heap before GC invocations=15 (full 4):
 PSYoungGen      total 531456K, used 13744K [0x000000076ab00000, 0x0000000797100000, 0x00000007c0000000)
  eden space 499200K, 0% used [0x000000076ab00000,0x000000076ab00000,0x0000000789280000)
  from space 32256K, 42% used [0x0000000789280000,0x0000000789fec020,0x000000078b200000)
  to   space 31232K, 0% used [0x0000000795280000,0x0000000795280000,0x0000000797100000)
 ParOldGen       total 154112K, used 70658K [0x00000006c0000000, 0x00000006c9680000, 0x000000076ab00000)
  object space 154112K, 45% used [0x00000006c0000000,0x00000006c45008e8,0x00000006c9680000)
 Metaspace       used 94664K, capacity 98392K, committed 98496K, reserved 1134592K
  class space    used 12369K, capacity 13183K, committed 13184K, reserved 1048576K
Event: 48.529 GC heap after
Heap after GC invocations=15 (full 4):
 PSYoungGen      total 531456K, used 0K [0x000000076ab00000, 0x0000000797100000, 0x00000007c0000000)
  eden space 499200K, 0% used [0x000000076ab00000,0x000000076ab00000,0x0000000789280000)
  from space 32256K, 0% used [0x0000000789280000,0x0000000789280000,0x000000078b200000)
  to   space 31232K, 0% used [0x0000000795280000,0x0000000795280000,0x0000000797100000)
 ParOldGen       total 154112K, used 59633K [0x00000006c0000000, 0x00000006c9680000, 0x000000076ab00000)
  object space 154112K, 38% used [0x00000006c0000000,0x00000006c3a3c630,0x00000006c9680000)
 Metaspace       used 94559K, capacity 98152K, committed 98496K, reserved 1134592K
  class space    used 12338K, capacity 13147K, committed 13184K, reserved 1048576K
}
Event: 52.680 GC heap before
{Heap before GC invocations=16 (full 4):
 PSYoungGen      total 531456K, used 217649K [0x000000076ab00000, 0x0000000797100000, 0x00000007c0000000)
  eden space 499200K, 43% used [0x000000076ab00000,0x0000000777f8c5c8,0x0000000789280000)
  from space 32256K, 0% used [0x0000000789280000,0x0000000789280000,0x000000078b200000)
  to   space 31232K, 0% used [0x0000000795280000,0x0000000795280000,0x0000000797100000)
 ParOldGen       total 154112K, used 59633K [0x00000006c0000000, 0x00000006c9680000, 0x000000076ab00000)
  object space 154112K, 38% used [0x00000006c0000000,0x00000006c3a3c630,0x00000006c9680000)
 Metaspace       used 107564K, capacity 112156K, committed 112344K, reserved 1150976K
  class space    used 13965K, capacity 14988K, committed 15104K, reserved 1048576K
Event: 52.892 GC heap after
Heap after GC invocations=16 (full 4):
 PSYoungGen      total 530432K, used 21194K [0x000000076ab00000, 0x0000000797100000, 0x00000007c0000000)
  eden space 499200K, 0% used [0x000000076ab00000,0x000000076ab00000,0x0000000789280000)
  from space 31232K, 67% used [0x0000000795280000,0x0000000796732900,0x0000000797100000)
  to   space 32256K, 0% used [0x0000000789280000,0x0000000789280000,0x000000078b200000)
 ParOldGen       total 154112K, used 59641K [0x00000006c0000000, 0x00000006c9680000, 0x000000076ab00000)
  object space 154112K, 38% used [0x00000006c0000000,0x00000006c3a3e630,0x00000006c9680000)
 Metaspace       used 107564K, capacity 112156K, committed 112344K, reserved 1150976K
  class space    used 13965K, capacity 14988K, committed 15104K, reserved 1048576K
}
Event: 52.892 GC heap before
{Heap before GC invocations=17 (full 5):
 PSYoungGen      total 530432K, used 21194K [0x000000076ab00000, 0x0000000797100000, 0x00000007c0000000)
  eden space 499200K, 0% used [0x000000076ab00000,0x000000076ab00000,0x0000000789280000)
  from space 31232K, 67% used [0x0000000795280000,0x0000000796732900,0x0000000797100000)
  to   space 32256K, 0% used [0x0000000789280000,0x0000000789280000,0x000000078b200000)
 ParOldGen       total 154112K, used 59641K [0x00000006c0000000, 0x00000006c9680000, 0x000000076ab00000)
  object space 154112K, 38% used [0x00000006c0000000,0x00000006c3a3e630,0x00000006c9680000)
 Metaspace       used 107564K, capacity 112156K, committed 112344K, reserved 1150976K
  class space    used 13965K, capacity 14988K, committed 15104K, reserved 1048576K
Event: 53.302 GC heap after
Heap after GC invocations=17 (full 5):
 PSYoungGen      total 530432K, used 0K [0x000000076ab00000, 0x0000000797100000, 0x00000007c0000000)
  eden space 499200K, 0% used [0x000000076ab00000,0x000000076ab00000,0x0000000789280000)
  from space 31232K, 0% used [0x0000000795280000,0x0000000795280000,0x0000000797100000)
  to   space 32256K, 0% used [0x0000000789280000,0x0000000789280000,0x000000078b200000)
 ParOldGen       total 154112K, used 68341K [0x00000006c0000000, 0x00000006c9680000, 0x000000076ab00000)
  object space 154112K, 44% used [0x00000006c0000000,0x00000006c42bd5a0,0x00000006c9680000)
 Metaspace       used 107493K, capacity 112012K, committed 112344K, reserved 1148928K
  class space    used 13945K, capacity 14940K, committed 15104K, reserved 1048576K
}

Deoptimization events (10 events):
Event: 49.182 Thread 0x0000000020a85800 Uncommon trap: reason=null_check action=make_not_entrant pc=0x0000000003ee91cc method=org.gradle.internal.instantiation.generator.AbstractClassGenerator$DslMixInPropertyType.visitProperty(Lorg/gradle/internal/instantiation/generator/AbstractClassGenerator
Event: 49.248 Thread 0x0000000020a85800 Uncommon trap: reason=null_check action=make_not_entrant pc=0x0000000004f55cf0 method=org.gradle.internal.instantiation.generator.AbstractClassGenerator$PropertyMetadata.addGetter(Lorg/gradle/internal/instantiation/generator/AbstractClassGenerator$MethodM
Event: 49.251 Thread 0x0000000020a85800 Uncommon trap: reason=null_check action=make_not_entrant pc=0x0000000003503344 method=org.gradle.internal.instantiation.generator.AbstractClassGenerator.isPropertyProperty(Ljava/lang/Class;)Z @ 21
Event: 49.341 Thread 0x0000000020a85800 Uncommon trap: reason=bimorphic action=maybe_recompile pc=0x0000000004b922a0 method=java.util.HashMap.removeNode(ILjava/lang/Object;Ljava/lang/Object;ZZ)Ljava/util/HashMap$Node; @ 143
Event: 49.426 Thread 0x0000000020a85800 Uncommon trap: reason=class_check action=maybe_recompile pc=0x0000000004582b54 method=java.util.Collections$SetFromMap.remove(Ljava/lang/Object;)Z @ 5
Event: 49.826 Thread 0x0000000020a85800 Uncommon trap: reason=array_check action=maybe_recompile pc=0x0000000003c69ddc method=java.util.AbstractCollection.toArray([Ljava/lang/Object;)[Ljava/lang/Object; @ 119
Event: 49.830 Thread 0x0000000020a85800 Uncommon trap: reason=array_check action=maybe_recompile pc=0x0000000003c69ddc method=java.util.AbstractCollection.toArray([Ljava/lang/Object;)[Ljava/lang/Object; @ 119
Event: 49.831 Thread 0x0000000020a85800 Uncommon trap: reason=array_check action=maybe_recompile pc=0x0000000003c69ddc method=java.util.AbstractCollection.toArray([Ljava/lang/Object;)[Ljava/lang/Object; @ 119
Event: 49.833 Thread 0x0000000020a85800 Uncommon trap: reason=array_check action=maybe_recompile pc=0x0000000003c69ddc method=java.util.AbstractCollection.toArray([Ljava/lang/Object;)[Ljava/lang/Object; @ 119
Event: 51.592 Thread 0x0000000020a85800 Uncommon trap: reason=unstable_if action=reinterpret pc=0x0000000004979b8c method=groovyjarjarasm.asm.ByteVector.putShort(I)Lgroovyjarjarasm/asm/ByteVector; @ 13

Classes redefined (0 events):
No events

Internal exceptions (10 events):
Event: 51.540 Thread 0x0000000020a85800 Exception <a 'java/security/PrivilegedActionException'> (0x0000000773acb5a8) thrown at [C:\ade\jenkins\workspace\8-2-build-windows-amd64-cygwin\jdk8u241\331\hotspot\src\share\vm\prims\jvm.cpp, line 1502]
Event: 51.829 Thread 0x0000000020a85800 Exception <a 'java/lang/ClassNotFoundException': build_e7uextkxsgoqni23lob75d5o8BeanInfo> (0x00000007744790d0) thrown at [C:\ade\jenkins\workspace\8-2-build-windows-amd64-cygwin\jdk8u241\331\hotspot\src\share\vm\classfile\systemDictionary.cpp, line 210]
Event: 51.830 Thread 0x0000000020a85800 Exception <a 'java/lang/ClassNotFoundException': build_e7uextkxsgoqni23lob75d5o8Customizer> (0x0000000774485d28) thrown at [C:\ade\jenkins\workspace\8-2-build-windows-amd64-cygwin\jdk8u241\331\hotspot\src\share\vm\classfile\systemDictionary.cpp, line 210]
Event: 51.858 Thread 0x0000000020a85800 Exception <a 'java/lang/ClassNotFoundException': org/gradle/configuration/internal/DefaultListenerBuildOperationDecorator$BuildOperationEmittingClosureBeanInfo> (0x0000000774598ed8) thrown at [C:\ade\jenkins\workspace\8-2-build-windows-amd64-cygwin\jdk8u2
Event: 51.860 Thread 0x0000000020a85800 Exception <a 'java/lang/ClassNotFoundException': org/gradle/configuration/internal/DefaultListenerBuildOperationDecorator$BuildOperationEmittingClosureCustomizer> (0x00000007745f7708) thrown at [C:\ade\jenkins\workspace\8-2-build-windows-amd64-cygwin\jdk8
Event: 52.445 Thread 0x0000000020a85800 Exception <a 'sun/nio/fs/WindowsException'> (0x00000007761453c0) thrown at [C:\ade\jenkins\workspace\8-2-build-windows-amd64-cygwin\jdk8u241\331\hotspot\src\share\vm\prims\jni.cpp, line 710]
Event: 53.331 Thread 0x0000000020a85800 Exception <a 'java/lang/ClassNotFoundException': com/android/build/gradle/internal/api/DefaultAndroidSourceSet_DecoratedBeanInfo> (0x000000076b21da80) thrown at [C:\ade\jenkins\workspace\8-2-build-windows-amd64-cygwin\jdk8u241\331\hotspot\src\share\vm\cla
Event: 53.332 Thread 0x0000000020a85800 Exception <a 'java/lang/ClassNotFoundException': com/android/build/gradle/internal/api/DefaultAndroidSourceSetBeanInfo> (0x000000076b238d98) thrown at [C:\ade\jenkins\workspace\8-2-build-windows-amd64-cygwin\jdk8u241\331\hotspot\src\share\vm\classfile\sys
Event: 53.332 Thread 0x0000000020a85800 Exception <a 'java/lang/ClassNotFoundException': com/android/build/gradle/internal/api/DefaultAndroidSourceSetCustomizer> (0x000000076b254370) thrown at [C:\ade\jenkins\workspace\8-2-build-windows-amd64-cygwin\jdk8u241\331\hotspot\src\share\vm\classfile\s
Event: 53.334 Thread 0x0000000020a85800 Exception <a 'java/lang/ClassNotFoundException': com/android/build/gradle/internal/api/DefaultAndroidSourceSet_DecoratedCustomizer> (0x000000076b2c08a0) thrown at [C:\ade\jenkins\workspace\8-2-build-windows-amd64-cygwin\jdk8u241\331\hotspot\src\share\vm\c

Events (10 events):
Event: 53.350 loading class com/android/build/gradle/internal/tasks/factory/TaskFactory
Event: 53.350 loading class com/android/build/gradle/internal/tasks/factory/TaskFactory done
Event: 53.351 loading class com/android/build/gradle/internal/tasks/factory/TaskCreationAction
Event: 53.351 loading class com/android/build/gradle/internal/tasks/factory/TaskCreationAction done
Event: 53.351 loading class com/android/build/gradle/internal/tasks/factory/TaskInformation
Event: 53.351 loading class com/android/build/gradle/internal/tasks/factory/TaskInformation done
Event: 53.351 loading class com/android/build/gradle/internal/tasks/factory/PreConfigAction
Event: 53.351 loading class com/android/build/gradle/internal/tasks/factory/PreConfigAction done
Event: 53.352 loading class com/android/build/gradle/internal/tasks/factory/TaskConfigAction
Event: 53.352 loading class com/android/build/gradle/internal/tasks/factory/TaskConfigAction done


Dynamic libraries:
0x00007ff7072d0000 - 0x00007ff707307000 	C:\Program Files\Java\jdk1.8.0_241\bin\java.exe
0x00007ffa76740000 - 0x00007ffa76910000 	C:\Windows\SYSTEM32\ntdll.dll
0x00007ffa73e50000 - 0x00007ffa73efc000 	C:\Windows\System32\KERNEL32.DLL
0x00007ffa72f40000 - 0x00007ffa7315e000 	C:\Windows\System32\KERNELBASE.dll
0x00007ffa75c30000 - 0x00007ffa75cd2000 	C:\Windows\System32\ADVAPI32.dll
0x00007ffa73db0000 - 0x00007ffa73e4e000 	C:\Windows\System32\msvcrt.dll
0x00007ffa75900000 - 0x00007ffa75959000 	C:\Windows\System32\sechost.dll
0x00007ffa75b00000 - 0x00007ffa75c21000 	C:\Windows\System32\RPCRT4.dll
0x00007ffa761a0000 - 0x00007ffa76306000 	C:\Windows\System32\USER32.dll
0x00007ffa72cf0000 - 0x00007ffa72d0e000 	C:\Windows\System32\win32u.dll
0x00007ffa75e20000 - 0x00007ffa75e54000 	C:\Windows\System32\GDI32.dll
0x00007ffa72db0000 - 0x00007ffa72f31000 	C:\Windows\System32\gdi32full.dll
0x00007ffa653a0000 - 0x00007ffa6561a000 	C:\Windows\WinSxS\amd64_microsoft.windows.common-controls_6595b64144ccf1df_6.0.14393.3053_none_7de042968342015d\COMCTL32.dll
0x00007ffa75e60000 - 0x00007ffa76125000 	C:\Windows\System32\combase.dll
0x00007ffa73bd0000 - 0x00007ffa73cc4000 	C:\Windows\System32\ucrtbase.dll
0x00007ffa72c80000 - 0x00007ffa72cea000 	C:\Windows\System32\bcryptPrimitives.dll
0x00007ffa75430000 - 0x00007ffa7545e000 	C:\Windows\System32\IMM32.DLL
0x000000005e8e0000 - 0x000000005e9b2000 	C:\Program Files\Java\jdk1.8.0_241\jre\bin\msvcr100.dll
0x000000005e030000 - 0x000000005e8dc000 	C:\Program Files\Java\jdk1.8.0_241\jre\bin\server\jvm.dll
0x00007ffa757d0000 - 0x00007ffa757d8000 	C:\Windows\System32\PSAPI.DLL
0x00007ffa54d40000 - 0x00007ffa54d49000 	C:\Windows\SYSTEM32\WSOCK32.dll
0x00007ffa76130000 - 0x00007ffa7619a000 	C:\Windows\System32\WS2_32.dll
0x00007ffa70ee0000 - 0x00007ffa70f03000 	C:\Windows\SYSTEM32\WINMM.dll
0x00007ffa69360000 - 0x00007ffa6936a000 	C:\Windows\SYSTEM32\VERSION.dll
0x0000000002de0000 - 0x0000000002e0b000 	C:\Windows\SYSTEM32\WINMMBASE.dll
0x00007ffa72c30000 - 0x00007ffa72c72000 	C:\Windows\System32\cfgmgr32.dll
0x00007ffa54e40000 - 0x00007ffa54e4f000 	C:\Program Files\Java\jdk1.8.0_241\jre\bin\verify.dll
0x00007ffa54e10000 - 0x00007ffa54e39000 	C:\Program Files\Java\jdk1.8.0_241\jre\bin\java.dll
0x00007ffa54160000 - 0x00007ffa54176000 	C:\Program Files\Java\jdk1.8.0_241\jre\bin\zip.dll
0x00007ffa73f10000 - 0x00007ffa75415000 	C:\Windows\System32\SHELL32.dll
0x00007ffa731c0000 - 0x00007ffa73894000 	C:\Windows\System32\windows.storage.dll
0x00007ffa72ba0000 - 0x00007ffa72bec000 	C:\Windows\System32\powrprof.dll
0x00007ffa75840000 - 0x00007ffa75892000 	C:\Windows\System32\shlwapi.dll
0x00007ffa72c20000 - 0x00007ffa72c2f000 	C:\Windows\System32\kernel.appcore.dll
0x00007ffa73b20000 - 0x00007ffa73bc9000 	C:\Windows\System32\shcore.dll
0x00007ffa72c00000 - 0x00007ffa72c14000 	C:\Windows\System32\profapi.dll
0x00007ffa54140000 - 0x00007ffa5415a000 	C:\Program Files\Java\jdk1.8.0_241\jre\bin\net.dll
0x00007ffa72470000 - 0x00007ffa724cd000 	C:\Windows\system32\mswsock.dll
0x00007ffa54120000 - 0x00007ffa54132000 	C:\Program Files\Java\jdk1.8.0_241\jre\bin\nio.dll
0x00007ffa53ff0000 - 0x00007ffa54017000 	C:\Users\pdrpearning\.gradle\native\c976cfcca226fdd4bee4412e95191dd41148b7504f9625baeda1d523bc39a967\windows-amd64\native-platform.dll
0x00007ffa54210000 - 0x00007ffa5421d000 	C:\Program Files\Java\jdk1.8.0_241\jre\bin\management.dll
0x00007ffa72620000 - 0x00007ffa72637000 	C:\Windows\SYSTEM32\CRYPTSP.dll
0x00007ffa72030000 - 0x00007ffa72063000 	C:\Windows\system32\rsaenh.dll
0x00007ffa72ae0000 - 0x00007ffa72b0b000 	C:\Windows\SYSTEM32\bcrypt.dll
0x00007ffa72300000 - 0x00007ffa7231f000 	C:\Windows\SYSTEM32\USERENV.dll
0x00007ffa72610000 - 0x00007ffa7261b000 	C:\Windows\SYSTEM32\CRYPTBASE.dll
0x00007ffa721b0000 - 0x00007ffa721e8000 	C:\Windows\SYSTEM32\IPHLPAPI.DLL
0x00007ffa73f00000 - 0x00007ffa73f08000 	C:\Windows\System32\NSI.dll
0x00007ffa6f0e0000 - 0x00007ffa6f0f6000 	C:\Windows\SYSTEM32\dhcpcsvc6.DLL
0x00007ffa6f0c0000 - 0x00007ffa6f0da000 	C:\Windows\SYSTEM32\dhcpcsvc.DLL
0x00007ffa54020000 - 0x00007ffa54044000 	C:\Program Files\Java\jdk1.8.0_241\jre\bin\sunec.dll
0x00007ffa72200000 - 0x00007ffa722a2000 	C:\Windows\SYSTEM32\DNSAPI.dll
0x00007ffa70700000 - 0x00007ffa7070a000 	C:\Windows\System32\rasadhlp.dll
0x00007ffa6f460000 - 0x00007ffa6f4ca000 	C:\Windows\System32\fwpuclnt.dll
0x00007ffa54e00000 - 0x00007ffa54e0b000 	C:\Program Files\Java\jdk1.8.0_241\jre\bin\sunmscapi.dll
0x00007ffa738a0000 - 0x00007ffa73a69000 	C:\Windows\System32\CRYPT32.dll
0x00007ffa72bf0000 - 0x00007ffa72c00000 	C:\Windows\System32\MSASN1.dll

VM Arguments:
jvm_args: -Xmx1536M -Dfile.encoding=utf8 -Duser.country=US -Duser.language=en -Duser.variant -Xmx4096m 
java_command: org.gradle.launcher.daemon.bootstrap.GradleDaemon 6.3
java_class_path (initial): C:\Users\pdrpearning\.gradle\wrapper\dists\gradle-6.3-bin\8tpu6egwsccjzp10c1jckl0rx\gradle-6.3\lib\gradle-launcher-6.3.jar
Launcher Type: SUN_STANDARD

Environment Variables:
JAVA_HOME=C:\Program Files\Java\jdk1.8.0_241
_JAVA_OPTIONS=-Xmx4096m
CLASSPATH=%ANT_HOME%\lib;C:\Program Files\Java\jdk1.8.0_241\lib
PATH=C:\ProgramData\Anaconda3;C:\ProgramData\Anaconda3\Library\mingw-w64\bin;C:\ProgramData\Anaconda3\Library\usr\bin;C:\ProgramData\Anaconda3\Library\bin;C:\ProgramData\Anaconda3\Scripts;C:\Program Files\Python37\Scripts\;C:\Program Files (x86)\Common Files\Oracle\Java\javapath;C:\Windows\system32;C:\Windows;C:\Windows\System32\Wbem;C:\Windows\System32\WindowsPowerShell\v1.0\;C:\ProgramData\GooGet;C:\Program Files\Google\Compute Engine\metadata_scripts;C:\Program Files (x86)\Google\Cloud SDK\google-cloud-sdk\bin;C:\Program Files\Google\Compute Engine\sysprep;C:\Program Files\Git\cmd;C:\Program Files\Git\mingw64\bin;C:\Program Files\Git\usr\bin;C:\flutter\bin;C:\Program Files\Dart\dart-sdk\bin;C:\Program Files\nodejs\;C:\Go\bin;C:\ProgramData\chocolatey\bin;C:\Users\pdrpearning\AppData\Local\Microsoft\WindowsApps;C:\Users\pdrpearning\AppData\Local\Programs\Microsoft VS Code\bin;C:\flutter\bin;C:\Program Files\Java\jdk1.8.0_241\bin;C:\Users\pdrpearning\AppData\Local\Programs\Microsoft VS Code Insiders\bin;C:\Users\pdrpearning\AppData\Roaming\npm;C:\Users\pdrpearning\AppData\Local\Android\Sdk\tools;C:\Users\pdrpearning\AppData\Local\Android\Sdk\platform-tools;C:\Program Files\heroku\bin;C:\Users\pdrpearning\AppData\Local\GitHubDesktop\bin;C:\Users\pdrpearning\go\bin;C:\Program Files\JetBrains\GoLand 2019.3.4\bin;;C:\apktool;C:\Program Files\Dart\dart-sdk\bin;C:\Users\pdrpearning\Documents\App Inventor\ant\bin;C:\Program Files\Java\apache-maven-3.6.3\bin;C:\ngrok;H:\Hybride\appinventor-sources\appinventor\google-cloud-sdk\bin;C:\MinGW\bin;C:\Users\pdrpearning\AppData\Local\Programs\Microsoft Code OSS\bin
USERNAME=pdrpearning
OS=Windows_NT
PROCESSOR_IDENTIFIER=Intel64 Family 6 Model 79 Stepping 0, GenuineIntel



---------------  S Y S T E M  ---------------

OS: Windows 10.0 , 64 bit Build 14393 (10.0.14393.3630)

CPU:total 6 (initial active 6) (4 cores per cpu, 2 threads per core) family 6 model 79 stepping 0, cmov, cx8, fxsr, mmx, sse, sse2, sse3, ssse3, sse4.1, sse4.2, popcnt, avx, avx2, aes, clmul, erms, rtm, 3dnowpref, lzcnt, ht, tsc, tscinvbit, bmi1, bmi2, adx

Memory: 4k page, physical 16776808k(1855488k free), swap 17825384k(17292k free)

vm_info: Java HotSpot(TM) 64-Bit Server VM (25.241-b07) for windows-amd64 JRE (1.8.0_241-b07), built on Dec 11 2019 10:21:40 by "rejava" with MS VC++ 10.0 (VS2010)

time: Fri Jun 05 10:52:12 2020
timezone: India Standard Time
elapsed time: 53 seconds (0d 0h 0m 53s)

